<?xml version="1.0" encoding="UTF-8"?>
<!-- Generated by org.testng.reporters.JUnitReportReporter -->
<testsuite hostname="DESKTOP-0IE3RGT" failures="0" tests="1" name="simple.FacebookLogin" time="20.222" errors="0" timestamp="2024-12-22T11:51:01 IST" skipped="0">
  <testcase classname="simple.FacebookLogin" name="login" time="20.222"/>
</testsuite> <!-- simple.FacebookLogin -->
